[INFO  - 2017-12-06T02:42:04.547Z] GhostDriver - Main - running on port 17499
[INFO  - 2017-12-06T02:42:05.706Z] Session [0bf4f350-da2f-11e7-ab2c-116131c656ff] - page.settings - {"XSSAuditingEnabled":false,"javascriptCanCloseWindows":true,"javascriptCanOpenWindows":true,"javascriptEnabled":true,"loadImages":true,"localToRemoteUrlAccessEnabled":false,"userAgent":"Mozilla/5.0 (Windows NT 6.1; WOW64) AppleWebKit/538.1 (KHTML, like Gecko) PhantomJS/2.1.1 Safari/538.1","webSecurityEnabled":true}
[INFO  - 2017-12-06T02:42:05.706Z] Session [0bf4f350-da2f-11e7-ab2c-116131c656ff] - page.customHeaders:  - {}
[INFO  - 2017-12-06T02:42:05.707Z] Session [0bf4f350-da2f-11e7-ab2c-116131c656ff] - Session.negotiatedCapabilities - {"browserName":"phantomjs","version":"2.1.1","driverName":"ghostdriver","driverVersion":"1.2.0","platform":"windows-7-32bit","javascriptEnabled":true,"takesScreenshot":true,"handlesAlerts":false,"databaseEnabled":false,"locationContextEnabled":false,"applicationCacheEnabled":false,"browserConnectionEnabled":false,"cssSelectorsEnabled":true,"webStorageEnabled":false,"rotatable":false,"acceptSslCerts":false,"nativeEvents":true,"proxy":{"proxyType":"direct"}}
[INFO  - 2017-12-06T02:42:05.707Z] SessionManagerReqHand - _postNewSessionCommand - New Session Created: 0bf4f350-da2f-11e7-ab2c-116131c656ff
[ERROR - 2017-12-06T02:42:06.526Z] Session [0bf4f350-da2f-11e7-ab2c-116131c656ff] - page.onError - msg: ReferenceError: Can't find variable: c
[ERROR - 2017-12-06T02:42:06.526Z] Session [0bf4f350-da2f-11e7-ab2c-116131c656ff] - page.onError - stack:
  sendLog (https://ss1.bdstatic.com/5eN1bjq8AAUYm2zgoY3K/r/www/cache/static/protocol/https/plugins/every_cookie_4644b13.js:4)
  (anonymous function) (https://ss1.bdstatic.com/5eN1bjq8AAUYm2zgoY3K/r/www/cache/static/protocol/https/plugins/every_cookie_4644b13.js:5)
[INFO  - 2017-12-06T02:42:52.775Z] GhostDriver - Main - running on port 37230
[INFO  - 2017-12-06T02:42:53.299Z] Session [2852e9d0-da2f-11e7-a769-cb3b1c8845bf] - page.settings - {"XSSAuditingEnabled":false,"javascriptCanCloseWindows":true,"javascriptCanOpenWindows":true,"javascriptEnabled":true,"loadImages":true,"localToRemoteUrlAccessEnabled":false,"userAgent":"Mozilla/5.0 (Windows NT 6.1; WOW64) AppleWebKit/538.1 (KHTML, like Gecko) PhantomJS/2.1.1 Safari/538.1","webSecurityEnabled":true}
[INFO  - 2017-12-06T02:42:53.299Z] Session [2852e9d0-da2f-11e7-a769-cb3b1c8845bf] - page.customHeaders:  - {}
[INFO  - 2017-12-06T02:42:53.299Z] Session [2852e9d0-da2f-11e7-a769-cb3b1c8845bf] - Session.negotiatedCapabilities - {"browserName":"phantomjs","version":"2.1.1","driverName":"ghostdriver","driverVersion":"1.2.0","platform":"windows-7-32bit","javascriptEnabled":true,"takesScreenshot":true,"handlesAlerts":false,"databaseEnabled":false,"locationContextEnabled":false,"applicationCacheEnabled":false,"browserConnectionEnabled":false,"cssSelectorsEnabled":true,"webStorageEnabled":false,"rotatable":false,"acceptSslCerts":false,"nativeEvents":true,"proxy":{"proxyType":"direct"}}
[INFO  - 2017-12-06T02:42:53.299Z] SessionManagerReqHand - _postNewSessionCommand - New Session Created: 2852e9d0-da2f-11e7-a769-cb3b1c8845bf
[INFO  - 2017-12-06T02:46:40.932Z] GhostDriver - Main - running on port 5971
[INFO  - 2017-12-06T02:46:41.490Z] Session [b05618c0-da2f-11e7-9f14-db2cf82a8c1b] - page.settings - {"XSSAuditingEnabled":false,"javascriptCanCloseWindows":true,"javascriptCanOpenWindows":true,"javascriptEnabled":true,"loadImages":true,"localToRemoteUrlAccessEnabled":false,"userAgent":"Mozilla/5.0 (Windows NT 6.1; WOW64) AppleWebKit/538.1 (KHTML, like Gecko) PhantomJS/2.1.1 Safari/538.1","webSecurityEnabled":true}
[INFO  - 2017-12-06T02:46:41.490Z] Session [b05618c0-da2f-11e7-9f14-db2cf82a8c1b] - page.customHeaders:  - {}
[INFO  - 2017-12-06T02:46:41.490Z] Session [b05618c0-da2f-11e7-9f14-db2cf82a8c1b] - Session.negotiatedCapabilities - {"browserName":"phantomjs","version":"2.1.1","driverName":"ghostdriver","driverVersion":"1.2.0","platform":"windows-7-32bit","javascriptEnabled":true,"takesScreenshot":true,"handlesAlerts":false,"databaseEnabled":false,"locationContextEnabled":false,"applicationCacheEnabled":false,"browserConnectionEnabled":false,"cssSelectorsEnabled":true,"webStorageEnabled":false,"rotatable":false,"acceptSslCerts":false,"nativeEvents":true,"proxy":{"proxyType":"direct"}}
[INFO  - 2017-12-06T02:46:41.491Z] SessionManagerReqHand - _postNewSessionCommand - New Session Created: b05618c0-da2f-11e7-9f14-db2cf82a8c1b
[INFO  - 2017-12-06T02:47:27.014Z] GhostDriver - Main - running on port 15168
[INFO  - 2017-12-06T02:47:27.437Z] Session [cbb93480-da2f-11e7-8fb6-ff8a1e8caca0] - page.settings - {"XSSAuditingEnabled":false,"javascriptCanCloseWindows":true,"javascriptCanOpenWindows":true,"javascriptEnabled":true,"loadImages":true,"localToRemoteUrlAccessEnabled":false,"userAgent":"Mozilla/5.0 (Windows NT 6.1; WOW64) AppleWebKit/538.1 (KHTML, like Gecko) PhantomJS/2.1.1 Safari/538.1","webSecurityEnabled":true}
[INFO  - 2017-12-06T02:47:27.437Z] Session [cbb93480-da2f-11e7-8fb6-ff8a1e8caca0] - page.customHeaders:  - {}
[INFO  - 2017-12-06T02:47:27.437Z] Session [cbb93480-da2f-11e7-8fb6-ff8a1e8caca0] - Session.negotiatedCapabilities - {"browserName":"phantomjs","version":"2.1.1","driverName":"ghostdriver","driverVersion":"1.2.0","platform":"windows-7-32bit","javascriptEnabled":true,"takesScreenshot":true,"handlesAlerts":false,"databaseEnabled":false,"locationContextEnabled":false,"applicationCacheEnabled":false,"browserConnectionEnabled":false,"cssSelectorsEnabled":true,"webStorageEnabled":false,"rotatable":false,"acceptSslCerts":false,"nativeEvents":true,"proxy":{"proxyType":"direct"}}
[INFO  - 2017-12-06T02:47:27.437Z] SessionManagerReqHand - _postNewSessionCommand - New Session Created: cbb93480-da2f-11e7-8fb6-ff8a1e8caca0
[INFO  - 2017-12-06T02:48:06.224Z] GhostDriver - Main - running on port 17642
[INFO  - 2017-12-06T02:48:06.644Z] Session [e317b7f0-da2f-11e7-869e-e1cf1e72f4c2] - page.settings - {"XSSAuditingEnabled":false,"javascriptCanCloseWindows":true,"javascriptCanOpenWindows":true,"javascriptEnabled":true,"loadImages":true,"localToRemoteUrlAccessEnabled":false,"userAgent":"Mozilla/5.0 (Windows NT 6.1; WOW64) AppleWebKit/538.1 (KHTML, like Gecko) PhantomJS/2.1.1 Safari/538.1","webSecurityEnabled":true}
[INFO  - 2017-12-06T02:48:06.644Z] Session [e317b7f0-da2f-11e7-869e-e1cf1e72f4c2] - page.customHeaders:  - {}
[INFO  - 2017-12-06T02:48:06.644Z] Session [e317b7f0-da2f-11e7-869e-e1cf1e72f4c2] - Session.negotiatedCapabilities - {"browserName":"phantomjs","version":"2.1.1","driverName":"ghostdriver","driverVersion":"1.2.0","platform":"windows-7-32bit","javascriptEnabled":true,"takesScreenshot":true,"handlesAlerts":false,"databaseEnabled":false,"locationContextEnabled":false,"applicationCacheEnabled":false,"browserConnectionEnabled":false,"cssSelectorsEnabled":true,"webStorageEnabled":false,"rotatable":false,"acceptSslCerts":false,"nativeEvents":true,"proxy":{"proxyType":"direct"}}
[INFO  - 2017-12-06T02:48:06.644Z] SessionManagerReqHand - _postNewSessionCommand - New Session Created: e317b7f0-da2f-11e7-869e-e1cf1e72f4c2
[INFO  - 2017-12-06T02:53:06.220Z] SessionManagerReqHand - _cleanupWindowlessSessions - Asynchronous Sessions clean-up phase starting NOW
[INFO  - 2017-12-06T02:53:56.332Z] GhostDriver - Main - running on port 5574
[INFO  - 2017-12-06T02:53:56.868Z] Session [b3d7d000-da30-11e7-9701-d35086ecc025] - page.settings - {"XSSAuditingEnabled":false,"javascriptCanCloseWindows":true,"javascriptCanOpenWindows":true,"javascriptEnabled":true,"loadImages":true,"localToRemoteUrlAccessEnabled":false,"userAgent":"Mozilla/5.0 (Windows NT 6.1; WOW64) AppleWebKit/538.1 (KHTML, like Gecko) PhantomJS/2.1.1 Safari/538.1","webSecurityEnabled":true}
[INFO  - 2017-12-06T02:53:56.869Z] Session [b3d7d000-da30-11e7-9701-d35086ecc025] - page.customHeaders:  - {}
[INFO  - 2017-12-06T02:53:56.869Z] Session [b3d7d000-da30-11e7-9701-d35086ecc025] - Session.negotiatedCapabilities - {"browserName":"phantomjs","version":"2.1.1","driverName":"ghostdriver","driverVersion":"1.2.0","platform":"windows-7-32bit","javascriptEnabled":true,"takesScreenshot":true,"handlesAlerts":false,"databaseEnabled":false,"locationContextEnabled":false,"applicationCacheEnabled":false,"browserConnectionEnabled":false,"cssSelectorsEnabled":true,"webStorageEnabled":false,"rotatable":false,"acceptSslCerts":false,"nativeEvents":true,"proxy":{"proxyType":"direct"}}
[INFO  - 2017-12-06T02:53:56.869Z] SessionManagerReqHand - _postNewSessionCommand - New Session Created: b3d7d000-da30-11e7-9701-d35086ecc025
[INFO  - 2017-12-06T02:55:41.494Z] GhostDriver - Main - running on port 17627
[INFO  - 2017-12-06T02:55:41.975Z] Session [f27d9010-da30-11e7-b0d6-dd4be95a5ae1] - page.settings - {"XSSAuditingEnabled":false,"javascriptCanCloseWindows":true,"javascriptCanOpenWindows":true,"javascriptEnabled":true,"loadImages":true,"localToRemoteUrlAccessEnabled":false,"userAgent":"Mozilla/5.0 (Windows NT 6.1; WOW64) AppleWebKit/538.1 (KHTML, like Gecko) PhantomJS/2.1.1 Safari/538.1","webSecurityEnabled":true}
[INFO  - 2017-12-06T02:55:41.975Z] Session [f27d9010-da30-11e7-b0d6-dd4be95a5ae1] - page.customHeaders:  - {}
[INFO  - 2017-12-06T02:55:41.975Z] Session [f27d9010-da30-11e7-b0d6-dd4be95a5ae1] - Session.negotiatedCapabilities - {"browserName":"phantomjs","version":"2.1.1","driverName":"ghostdriver","driverVersion":"1.2.0","platform":"windows-7-32bit","javascriptEnabled":true,"takesScreenshot":true,"handlesAlerts":false,"databaseEnabled":false,"locationContextEnabled":false,"applicationCacheEnabled":false,"browserConnectionEnabled":false,"cssSelectorsEnabled":true,"webStorageEnabled":false,"rotatable":false,"acceptSslCerts":false,"nativeEvents":true,"proxy":{"proxyType":"direct"}}
[INFO  - 2017-12-06T02:55:41.975Z] SessionManagerReqHand - _postNewSessionCommand - New Session Created: f27d9010-da30-11e7-b0d6-dd4be95a5ae1
[INFO  - 2017-12-06T02:57:57.076Z] GhostDriver - Main - running on port 15509
[INFO  - 2017-12-06T02:57:57.598Z] Session [43542490-da31-11e7-81b1-2bd484fe3049] - page.settings - {"XSSAuditingEnabled":false,"javascriptCanCloseWindows":true,"javascriptCanOpenWindows":true,"javascriptEnabled":true,"loadImages":true,"localToRemoteUrlAccessEnabled":false,"userAgent":"Mozilla/5.0 (Windows NT 6.1; WOW64) AppleWebKit/538.1 (KHTML, like Gecko) PhantomJS/2.1.1 Safari/538.1","webSecurityEnabled":true}
[INFO  - 2017-12-06T02:57:57.598Z] Session [43542490-da31-11e7-81b1-2bd484fe3049] - page.customHeaders:  - {}
[INFO  - 2017-12-06T02:57:57.598Z] Session [43542490-da31-11e7-81b1-2bd484fe3049] - Session.negotiatedCapabilities - {"browserName":"phantomjs","version":"2.1.1","driverName":"ghostdriver","driverVersion":"1.2.0","platform":"windows-7-32bit","javascriptEnabled":true,"takesScreenshot":true,"handlesAlerts":false,"databaseEnabled":false,"locationContextEnabled":false,"applicationCacheEnabled":false,"browserConnectionEnabled":false,"cssSelectorsEnabled":true,"webStorageEnabled":false,"rotatable":false,"acceptSslCerts":false,"nativeEvents":true,"proxy":{"proxyType":"direct"}}
[INFO  - 2017-12-06T02:57:57.598Z] SessionManagerReqHand - _postNewSessionCommand - New Session Created: 43542490-da31-11e7-81b1-2bd484fe3049
